<?xml version="1.0" encoding="utf-8"?>
<coverage line-rate="0.915" branch-rate="0.8809999999999999" version="1.9" timestamp="1761586462" lines-covered="883" lines-valid="965" branches-covered="289" branches-valid="328">
  <sources>
    <source>C:\Users\Birca\Desktop\Code\Teknik\DominationPoint\DominationPoint\</source>
  </sources>
  <packages>
    <package name="DominationPoint" line-rate="0.915" branch-rate="0.8809999999999999" complexity="436">
      <classes>
        <class name="Program/&lt;&lt;Main&gt;$&gt;d__0" filename="Program.cs" line-rate="0.6117" branch-rate="0.5" complexity="6">
          <methods>
            <method name="MoveNext" signature="()" line-rate="0.6117" branch-rate="0.5" complexity="6">
              <lines>
                <line number="12" hits="17" branch="False" />
                <line number="14" hits="17" branch="True" condition-coverage="50% (1/2)">
                  <conditions>
                    <condition number="93" type="jump" coverage="50%" />
                  </conditions>
                </line>
                <line number="15" hits="0" branch="False" />
                <line number="16" hits="0" branch="False" />
                <line number="17" hits="0" branch="False" />
                <line number="18" hits="0" branch="False" />
                <line number="19" hits="0" branch="False" />
                <line number="21" hits="39" branch="False" />
                <line number="22" hits="22" branch="False" />
                <line number="23" hits="22" branch="False" />
                <line number="24" hits="22" branch="False" />
                <line number="25" hits="22" branch="False" />
                <line number="26" hits="22" branch="False" />
                <line number="27" hits="22" branch="False" />
                <line number="28" hits="22" branch="False" />
                <line number="29" hits="17" branch="False" />
                <line number="31" hits="17" branch="False" />
                <line number="32" hits="147" branch="False" />
                <line number="33" hits="17" branch="False" />
                <line number="34" hits="17" branch="False" />
                <line number="35" hits="17" branch="False" />
                <line number="36" hits="17" branch="False" />
                <line number="37" hits="17" branch="False" />
                <line number="38" hits="17" branch="False" />
                <line number="40" hits="17" branch="False" />
                <line number="41" hits="17" branch="False" />
                <line number="42" hits="13" branch="False" />
                <line number="43" hits="13" branch="False" />
                <line number="44" hits="13" branch="False" />
                <line number="45" hits="13" branch="False" />
                <line number="46" hits="13" branch="False" />
                <line number="47" hits="13" branch="False" />
                <line number="48" hits="13" branch="False" />
                <line number="49" hits="13" branch="False" />
                <line number="50" hits="13" branch="False" />
                <line number="51" hits="13" branch="False" />
                <line number="52" hits="13" branch="False" />
                <line number="53" hits="30" branch="False" />
                <line number="55" hits="17" branch="False" />
                <line number="56" hits="17" branch="False" />
                <line number="57" hits="0" branch="False" />
                <line number="58" hits="0" branch="False" />
                <line number="59" hits="0" branch="False" />
                <line number="60" hits="0" branch="False" />
                <line number="61" hits="0" branch="False" />
                <line number="62" hits="0" branch="False" />
                <line number="63" hits="0" branch="False" />
                <line number="64" hits="0" branch="False" />
                <line number="65" hits="0" branch="False" />
                <line number="66" hits="0" branch="False" />
                <line number="67" hits="0" branch="False" />
                <line number="68" hits="0" branch="False" />
                <line number="69" hits="0" branch="False" />
                <line number="70" hits="0" branch="False" />
                <line number="71" hits="0" branch="False" />
                <line number="72" hits="0" branch="False" />
                <line number="73" hits="0" branch="False" />
                <line number="74" hits="0" branch="False" />
                <line number="75" hits="17" branch="False" />
                <line number="77" hits="17" branch="False" />
                <line number="79" hits="17" branch="False" />
                <line number="81" hits="17" branch="True" condition-coverage="50% (1/2)">
                  <conditions>
                    <condition number="753" type="jump" coverage="50%" />
                  </conditions>
                </line>
                <line number="82" hits="0" branch="False" />
                <line number="83" hits="0" branch="False" />
                <line number="84" hits="0" branch="False" />
                <line number="85" hits="0" branch="False" />
                <line number="87" hits="17" branch="False" />
                <line number="88" hits="17" branch="False" />
                <line number="89" hits="17" branch="False" />
                <line number="91" hits="17" branch="False" />
                <line number="92" hits="17" branch="False" />
                <line number="93" hits="17" branch="False" />
                <line number="94" hits="17" branch="False" />
                <line number="95" hits="17" branch="False" />
                <line number="97" hits="17" branch="False" />
                <line number="98" hits="17" branch="False" />
                <line number="99" hits="17" branch="False" />
                <line number="102" hits="17" branch="True" condition-coverage="50% (1/2)">
                  <conditions>
                    <condition number="1022" type="jump" coverage="50%" />
                  </conditions>
                </line>
                <line number="103" hits="0" branch="False" />
                <line number="104" hits="0" branch="False" />
                <line number="105" hits="0" branch="False" />
                <line number="106" hits="0" branch="False" />
                <line number="107" hits="0" branch="False" />
                <line number="108" hits="0" branch="False" />
                <line number="110" hits="17" branch="False" />
              </lines>
            </method>
          </methods>
          <lines>
            <line number="12" hits="17" branch="False" />
            <line number="14" hits="17" branch="True" condition-coverage="50% (1/2)">
              <conditions>
                <condition number="93" type="jump" coverage="50%" />
              </conditions>
            </line>
            <line number="15" hits="0" branch="False" />
            <line number="16" hits="0" branch="False" />
            <line number="17" hits="0" branch="False" />
            <line number="18" hits="0" branch="False" />
            <line number="19" hits="0" branch="False" />
            <line number="21" hits="39" branch="False" />
            <line number="22" hits="22" branch="False" />
            <line number="23" hits="22" branch="False" />
            <line number="24" hits="22" branch="False" />
            <line number="25" hits="22" branch="False" />
            <line number="26" hits="22" branch="False" />
            <line number="27" hits="22" branch="False" />
            <line number="28" hits="22" branch="False" />
            <line number="29" hits="17" branch="False" />
            <line number="31" hits="17" branch="False" />
            <line number="32" hits="147" branch="False" />
            <line number="33" hits="17" branch="False" />
            <line number="34" hits="17" branch="False" />
            <line number="35" hits="17" branch="False" />
            <line number="36" hits="17" branch="False" />
            <line number="37" hits="17" branch="False" />
            <line number="38" hits="17" branch="False" />
            <line number="40" hits="17" branch="False" />
            <line number="41" hits="17" branch="False" />
            <line number="42" hits="13" branch="False" />
            <line number="43" hits="13" branch="False" />
            <line number="44" hits="13" branch="False" />
            <line number="45" hits="13" branch="False" />
            <line number="46" hits="13" branch="False" />
            <line number="47" hits="13" branch="False" />
            <line number="48" hits="13" branch="False" />
            <line number="49" hits="13" branch="False" />
            <line number="50" hits="13" branch="False" />
            <line number="51" hits="13" branch="False" />
            <line number="52" hits="13" branch="False" />
            <line number="53" hits="30" branch="False" />
            <line number="55" hits="17" branch="False" />
            <line number="56" hits="17" branch="False" />
            <line number="57" hits="0" branch="False" />
            <line number="58" hits="0" branch="False" />
            <line number="59" hits="0" branch="False" />
            <line number="60" hits="0" branch="False" />
            <line number="61" hits="0" branch="False" />
            <line number="62" hits="0" branch="False" />
            <line number="63" hits="0" branch="False" />
            <line number="64" hits="0" branch="False" />
            <line number="65" hits="0" branch="False" />
            <line number="66" hits="0" branch="False" />
            <line number="67" hits="0" branch="False" />
            <line number="68" hits="0" branch="False" />
            <line number="69" hits="0" branch="False" />
            <line number="70" hits="0" branch="False" />
            <line number="71" hits="0" branch="False" />
            <line number="72" hits="0" branch="False" />
            <line number="73" hits="0" branch="False" />
            <line number="74" hits="0" branch="False" />
            <line number="75" hits="17" branch="False" />
            <line number="77" hits="17" branch="False" />
            <line number="79" hits="17" branch="False" />
            <line number="81" hits="17" branch="True" condition-coverage="50% (1/2)">
              <conditions>
                <condition number="753" type="jump" coverage="50%" />
              </conditions>
            </line>
            <line number="82" hits="0" branch="False" />
            <line number="83" hits="0" branch="False" />
            <line number="84" hits="0" branch="False" />
            <line number="85" hits="0" branch="False" />
            <line number="87" hits="17" branch="False" />
            <line number="88" hits="17" branch="False" />
            <line number="89" hits="17" branch="False" />
            <line number="91" hits="17" branch="False" />
            <line number="92" hits="17" branch="False" />
            <line number="93" hits="17" branch="False" />
            <line number="94" hits="17" branch="False" />
            <line number="95" hits="17" branch="False" />
            <line number="97" hits="17" branch="False" />
            <line number="98" hits="17" branch="False" />
            <line number="99" hits="17" branch="False" />
            <line number="102" hits="17" branch="True" condition-coverage="50% (1/2)">
              <conditions>
                <condition number="1022" type="jump" coverage="50%" />
              </conditions>
            </line>
            <line number="103" hits="0" branch="False" />
            <line number="104" hits="0" branch="False" />
            <line number="105" hits="0" branch="False" />
            <line number="106" hits="0" branch="False" />
            <line number="107" hits="0" branch="False" />
            <line number="108" hits="0" branch="False" />
            <line number="110" hits="17" branch="False" />
          </lines>
        </class>
        <class name="AspNetCoreGeneratedDocument.Views_Account_Login/&lt;&lt;ExecuteAsync&gt;b__17_1&gt;d" filename="Views\Account\Login.cshtml" line-rate="1" branch-rate="1" complexity="1">
          <methods>
            <method name="MoveNext" signature="()" line-rate="1" branch-rate="1" complexity="1">
              <lines>
                <line number="40" hits="118" branch="False" />
              </lines>
            </method>
          </methods>
          <lines>
            <line number="40" hits="118" branch="False" />
          </lines>
        </class>
        <class name="AspNetCoreGeneratedDocument.Views_Account_Login/&lt;ExecuteAsync&gt;d__17" filename="Views\Account\Login.cshtml" line-rate="1" branch-rate="0.75" complexity="4">
          <methods>
            <method name="MoveNext" signature="()" line-rate="1" branch-rate="0.75" complexity="4">
              <lines>
                <line number="3" hits="118" branch="True" condition-coverage="75% (3/4)">
                  <conditions>
                    <condition number="414" type="jump" coverage="50%" />
                    <condition number="816" type="jump" coverage="100%" />
                  </conditions>
                </line>
              </lines>
            </method>
          </methods>
          <lines>
            <line number="3" hits="118" branch="True" condition-coverage="75% (3/4)">
              <conditions>
                <condition number="414" type="jump" coverage="50%" />
                <condition number="816" type="jump" coverage="100%" />
              </conditions>
            </line>
          </lines>
        </class>
        <class name="AspNetCoreGeneratedDocument.Views_Admin_CreateTeam/&lt;&lt;ExecuteAsync&gt;b__20_1&gt;d" filename="Views\Admin\CreateTeam.cshtml" line-rate="1" branch-rate="1" complexity="1">
          <methods>
            <method name="MoveNext" signature="()" line-rate="1" branch-rate="1" complexity="1">
              <lines>
                <line number="34" hits="23" branch="False" />
              </lines>
            </method>
          </methods>
          <lines>
            <line number="34" hits="23" branch="False" />
          </lines>
        </class>
        <class name="AspNetCoreGeneratedDocument.Views_Admin_CreateTeam/&lt;ExecuteAsync&gt;d__20" filename="Views\Admin\CreateTeam.cshtml" line-rate="1" branch-rate="1" complexity="2">
          <methods>
            <method name="MoveNext" signature="()" line-rate="1" branch-rate="1" complexity="2">
              <lines>
                <line number="3" hits="23" branch="False" />
                <line number="4" hits="23" branch="True" condition-coverage="100% (2/2)">
                  <conditions>
                    <condition number="560" type="jump" coverage="100%" />
                  </conditions>
                </line>
              </lines>
            </method>
          </methods>
          <lines>
            <line number="3" hits="23" branch="False" />
            <line number="4" hits="23" branch="True" condition-coverage="100% (2/2)">
              <conditions>
                <condition number="560" type="jump" coverage="100%" />
              </conditions>
            </line>
          </lines>
        </class>
        <class name="AspNetCoreGeneratedDocument.Views_Admin_GameDetails/&lt;&gt;c__DisplayClass14_1" filename="Views\Admin\GameDetails.cshtml" line-rate="1" branch-rate="1" complexity="4">
          <methods>
            <method name="&lt;ExecuteAsync&gt;b__2" signature="(DominationPoint.Core.Domain.MapAnnotation)" line-rate="1" branch-rate="1" complexity="2">
              <lines>
                <line number="61" hits="400" branch="True" condition-coverage="100% (2/2)">
                  <conditions>
                    <condition number="19" type="jump" coverage="100%" />
                  </conditions>
                </line>
              </lines>
            </method>
            <method name="&lt;ExecuteAsync&gt;b__3" signature="(DominationPoint.Core.Domain.ControlPoint)" line-rate="1" branch-rate="1" complexity="2">
              <lines>
                <line number="62" hits="400" branch="True" condition-coverage="100% (2/2)">
                  <conditions>
                    <condition number="19" type="jump" coverage="100%" />
                  </conditions>
                </line>
              </lines>
            </method>
          </methods>
          <lines>
            <line number="61" hits="400" branch="True" condition-coverage="100% (2/2)">
              <conditions>
                <condition number="19" type="jump" coverage="100%" />
              </conditions>
            </line>
            <line number="62" hits="400" branch="True" condition-coverage="100% (2/2)">
              <conditions>
                <condition number="19" type="jump" coverage="100%" />
              </conditions>
            </line>
          </lines>
        </class>
        <class name="AspNetCoreGeneratedDocument.Views_Admin_GameDetails/&lt;ExecuteAsync&gt;d__14" filename="Views\Admin\GameDetails.cshtml" line-rate="0.8887999999999999" branch-rate="0.8125" complexity="16">
          <methods>
            <method name="MoveNext" signature="()" line-rate="0.8887999999999999" branch-rate="0.8125" complexity="16">
              <lines>
                <line number="5" hits="2" branch="False" />
                <line number="6" hits="2" branch="False" />
                <line number="7" hits="2" branch="False" />
                <line number="57" hits="44" branch="True" condition-coverage="100% (2/2)">
                  <conditions>
                    <condition number="1166" type="jump" coverage="100%" />
                  </conditions>
                </line>
                <line number="58" hits="20" branch="False" />
                <line number="59" hits="440" branch="True" condition-coverage="100% (2/2)">
                  <conditions>
                    <condition number="1073" type="jump" coverage="100%" />
                  </conditions>
                </line>
                <line number="60" hits="200" branch="False" />
                <line number="64" hits="200" branch="True" condition-coverage="100% (2/2)">
                  <conditions>
                    <condition number="881" type="jump" coverage="100%" />
                  </conditions>
                </line>
                <line number="65" hits="2" branch="False" />
                <line number="67" hits="2" branch="False" />
                <line number="69" hits="200" branch="False" />
                <line number="70" hits="20" branch="False" />
                <line number="76" hits="6" branch="True" condition-coverage="50% (1/2)">
                  <conditions>
                    <condition number="2072" type="jump" coverage="50%" />
                  </conditions>
                </line>
                <line number="77" hits="0" branch="True" condition-coverage="0% (0/2)">
                  <conditions>
                    <condition number="1839" type="jump" coverage="0%" />
                  </conditions>
                </line>
                <line number="82" hits="0" branch="False" />
                <line number="86" hits="24" branch="True" condition-coverage="100% (4/4)">
                  <conditions>
                    <condition number="3009" type="jump" coverage="100%" />
                    <condition number="3526" type="jump" coverage="100%" />
                  </conditions>
                </line>
                <line number="87" hits="9" branch="True" condition-coverage="100% (2/2)">
                  <conditions>
                    <condition number="2776" type="jump" coverage="100%" />
                  </conditions>
                </line>
                <line number="92" hits="9" branch="False" />
              </lines>
            </method>
          </methods>
          <lines>
            <line number="5" hits="2" branch="False" />
            <line number="6" hits="2" branch="False" />
            <line number="7" hits="2" branch="False" />
            <line number="57" hits="44" branch="True" condition-coverage="100% (2/2)">
              <conditions>
                <condition number="1166" type="jump" coverage="100%" />
              </conditions>
            </line>
            <line number="58" hits="20" branch="False" />
            <line number="59" hits="440" branch="True" condition-coverage="100% (2/2)">
              <conditions>
                <condition number="1073" type="jump" coverage="100%" />
              </conditions>
            </line>
            <line number="60" hits="200" branch="False" />
            <line number="64" hits="200" branch="True" condition-coverage="100% (2/2)">
              <conditions>
                <condition number="881" type="jump" coverage="100%" />
              </conditions>
            </line>
            <line number="65" hits="2" branch="False" />
            <line number="67" hits="2" branch="False" />
            <line number="69" hits="200" branch="False" />
            <line number="70" hits="20" branch="False" />
            <line number="76" hits="6" branch="True" condition-coverage="50% (1/2)">
              <conditions>
                <condition number="2072" type="jump" coverage="50%" />
              </conditions>
            </line>
            <line number="77" hits="0" branch="True" condition-coverage="0% (0/2)">
              <conditions>
                <condition number="1839" type="jump" coverage="0%" />
              </conditions>
            </line>
            <line number="82" hits="0" branch="False" />
            <line number="86" hits="24" branch="True" condition-coverage="100% (4/4)">
              <conditions>
                <condition number="3009" type="jump" coverage="100%" />
                <condition number="3526" type="jump" coverage="100%" />
              </conditions>
            </line>
            <line number="87" hits="9" branch="True" condition-coverage="100% (2/2)">
              <conditions>
                <condition number="2776" type="jump" coverage="100%" />
              </conditions>
            </line>
            <line number="92" hits="9" branch="False" />
          </lines>
        </class>
        <class name="AspNetCoreGeneratedDocument.Views_Admin_LiveGame/&lt;&lt;ExecuteAsync&gt;b__13_0&gt;d" filename="Views\Admin\LiveGame.cshtml" line-rate="1" branch-rate="1" complexity="6">
          <methods>
            <method name="MoveNext" signature="()" line-rate="1" branch-rate="1" complexity="6">
              <lines>
                <line number="128" hits="8" branch="True" condition-coverage="100% (4/4)">
                  <conditions>
                    <condition number="534" type="jump" coverage="100%" />
                    <condition number="1952" type="jump" coverage="100%" />
                  </conditions>
                </line>
                <line number="129" hits="1" branch="True" condition-coverage="100% (2/2)">
                  <conditions>
                    <condition number="1708" type="jump" coverage="100%" />
                  </conditions>
                </line>
                <line number="133" hits="1" branch="False" />
              </lines>
            </method>
          </methods>
          <lines>
            <line number="128" hits="8" branch="True" condition-coverage="100% (4/4)">
              <conditions>
                <condition number="534" type="jump" coverage="100%" />
                <condition number="1952" type="jump" coverage="100%" />
              </conditions>
            </line>
            <line number="129" hits="1" branch="True" condition-coverage="100% (2/2)">
              <conditions>
                <condition number="1708" type="jump" coverage="100%" />
              </conditions>
            </line>
            <line number="133" hits="1" branch="False" />
          </lines>
        </class>
        <class name="AspNetCoreGeneratedDocument.Views_Admin_LiveGame/&lt;&gt;c__DisplayClass13_1" filename="Views\Admin\LiveGame.cshtml" line-rate="1" branch-rate="1" complexity="4">
          <methods>
            <method name="&lt;ExecuteAsync&gt;b__2" signature="(DominationPoint.Core.Domain.ControlPoint)" line-rate="1" branch-rate="1" complexity="2">
              <lines>
                <line number="71" hits="499" branch="True" condition-coverage="100% (2/2)">
                  <conditions>
                    <condition number="22" type="jump" coverage="100%" />
                  </conditions>
                </line>
              </lines>
            </method>
            <method name="&lt;ExecuteAsync&gt;b__3" signature="(DominationPoint.Core.Domain.MapAnnotation)" line-rate="1" branch-rate="1" complexity="2">
              <lines>
                <line number="72" hits="499" branch="True" condition-coverage="100% (2/2)">
                  <conditions>
                    <condition number="22" type="jump" coverage="100%" />
                  </conditions>
                </line>
              </lines>
            </method>
          </methods>
          <lines>
            <line number="71" hits="499" branch="True" condition-coverage="100% (2/2)">
              <conditions>
                <condition number="22" type="jump" coverage="100%" />
              </conditions>
            </line>
            <line number="72" hits="499" branch="True" condition-coverage="100% (2/2)">
              <conditions>
                <condition number="22" type="jump" coverage="100%" />
              </conditions>
            </line>
          </lines>
        </class>
        <class name="AspNetCoreGeneratedDocument.Views_Admin_LiveGame/&lt;ExecuteAsync&gt;d__13" filename="Views\Admin\LiveGame.cshtml" line-rate="1" branch-rate="0.9" complexity="20">
          <methods>
            <method name="MoveNext" signature="()" line-rate="1" branch-rate="0.9" complexity="20">
              <lines>
                <line number="4" hits="2" branch="False" />
                <line number="5" hits="2" branch="False" />
                <line number="6" hits="2" branch="False" />
                <line number="67" hits="44" branch="True" condition-coverage="100% (2/2)">
                  <conditions>
                    <condition number="1506" type="jump" coverage="100%" />
                  </conditions>
                </line>
                <line number="68" hits="20" branch="False" />
                <line number="69" hits="440" branch="True" condition-coverage="100% (2/2)">
                  <conditions>
                    <condition number="1399" type="jump" coverage="100%" />
                  </conditions>
                </line>
                <line number="70" hits="200" branch="False" />
                <line number="82" hits="200" branch="True" condition-coverage="100% (2/2)">
                  <conditions>
                    <condition number="831" type="jump" coverage="100%" />
                  </conditions>
                </line>
                <line number="83" hits="3" branch="False" />
                <line number="84" hits="3" branch="True" condition-coverage="75% (3/4)">
                  <conditions>
                    <condition number="880" type="jump" coverage="50%" />
                    <condition number="912" type="jump" coverage="100%" />
                  </conditions>
                </line>
                <line number="86" hits="3" branch="False" />
                <line number="87" hits="200" branch="True" condition-coverage="100% (2/2)">
                  <conditions>
                    <condition number="1182" type="jump" coverage="100%" />
                  </conditions>
                </line>
                <line number="88" hits="3" branch="False" />
                <line number="90" hits="3" branch="False" />
                <line number="92" hits="200" branch="False" />
                <line number="93" hits="20" branch="False" />
                <line number="99" hits="8" branch="True" condition-coverage="100% (4/4)">
                  <conditions>
                    <condition number="2316" type="jump" coverage="100%" />
                    <condition number="2819" type="jump" coverage="100%" />
                  </conditions>
                </line>
                <line number="100" hits="1" branch="True" condition-coverage="50% (1/2)">
                  <conditions>
                    <condition number="2226" type="jump" coverage="50%" />
                  </conditions>
                </line>
                <line number="106" hits="1" branch="False" />
              </lines>
            </method>
          </methods>
          <lines>
            <line number="4" hits="2" branch="False" />
            <line number="5" hits="2" branch="False" />
            <line number="6" hits="2" branch="False" />
            <line number="67" hits="44" branch="True" condition-coverage="100% (2/2)">
              <conditions>
                <condition number="1506" type="jump" coverage="100%" />
              </conditions>
            </line>
            <line number="68" hits="20" branch="False" />
            <line number="69" hits="440" branch="True" condition-coverage="100% (2/2)">
              <conditions>
                <condition number="1399" type="jump" coverage="100%" />
              </conditions>
            </line>
            <line number="70" hits="200" branch="False" />
            <line number="82" hits="200" branch="True" condition-coverage="100% (2/2)">
              <conditions>
                <condition number="831" type="jump" coverage="100%" />
              </conditions>
            </line>
            <line number="83" hits="3" branch="False" />
            <line number="84" hits="3" branch="True" condition-coverage="75% (3/4)">
              <conditions>
                <condition number="880" type="jump" coverage="50%" />
                <condition number="912" type="jump" coverage="100%" />
              </conditions>
            </line>
            <line number="86" hits="3" branch="False" />
            <line number="87" hits="200" branch="True" condition-coverage="100% (2/2)">
              <conditions>
                <condition number="1182" type="jump" coverage="100%" />
              </conditions>
            </line>
            <line number="88" hits="3" branch="False" />
            <line number="90" hits="3" branch="False" />
            <line number="92" hits="200" branch="False" />
            <line number="93" hits="20" branch="False" />
            <line number="99" hits="8" branch="True" condition-coverage="100% (4/4)">
              <conditions>
                <condition number="2316" type="jump" coverage="100%" />
                <condition number="2819" type="jump" coverage="100%" />
              </conditions>
            </line>
            <line number="100" hits="1" branch="True" condition-coverage="50% (1/2)">
              <conditions>
                <condition number="2226" type="jump" coverage="50%" />
              </conditions>
            </line>
            <line number="106" hits="1" branch="False" />
          </lines>
        </class>
        <class name="AspNetCoreGeneratedDocument.Views_Admin_ManageGames" filename="Views\Admin\ManageGames.cshtml" line-rate="0.7777" branch-rate="0.5" complexity="4">
          <methods>
            <method name="GetStatusColor" signature="(DominationPoint.Core.Domain.GameStatus)" line-rate="0.7777" branch-rate="0.5" complexity="4">
              <lines>
                <line number="90" hits="98" branch="False" />
                <line number="91" hits="98" branch="True" condition-coverage="50% (2/4)">
                  <conditions>
                    <condition number="26" type="switch" coverage="50%" />
                  </conditions>
                </line>
                <line number="92" hits="98" branch="False" />
                <line number="93" hits="78" branch="False" />
                <line number="94" hits="20" branch="False" />
                <line number="95" hits="0" branch="False" />
                <line number="96" hits="0" branch="False" />
                <line number="97" hits="98" branch="False" />
                <line number="98" hits="98" branch="False" />
              </lines>
            </method>
          </methods>
          <lines>
            <line number="90" hits="98" branch="False" />
            <line number="91" hits="98" branch="True" condition-coverage="50% (2/4)">
              <conditions>
                <condition number="26" type="switch" coverage="50%" />
              </conditions>
            </line>
            <line number="92" hits="98" branch="False" />
            <line number="93" hits="78" branch="False" />
            <line number="94" hits="20" branch="False" />
            <line number="95" hits="0" branch="False" />
            <line number="96" hits="0" branch="False" />
            <line number="97" hits="98" branch="False" />
            <line number="98" hits="98" branch="False" />
          </lines>
        </class>
        <class name="AspNetCoreGeneratedDocument.Views_Admin_ManageGames/&lt;ExecuteAsync&gt;d__20" filename="Views\Admin\ManageGames.cshtml" line-rate="0.7646999999999999" branch-rate="0.7187" complexity="32">
          <methods>
            <method name="MoveNext" signature="()" line-rate="0.7646999999999999" branch-rate="0.7187" complexity="32">
              <lines>
                <line number="4" hits="31" branch="False" />
                <line number="5" hits="31" branch="False" />
                <line number="9" hits="31" branch="True" condition-coverage="50% (1/2)">
                  <conditions>
                    <condition number="221" type="jump" coverage="50%" />
                  </conditions>
                </line>
                <line number="10" hits="0" branch="False" />
                <line number="12" hits="0" branch="True" condition-coverage="100% (2/2)">
                  <conditions>
                    <condition number="757" type="jump" coverage="100%" />
                  </conditions>
                </line>
                <line number="49" hits="289" branch="True" condition-coverage="100% (2/2)">
                  <conditions>
                    <condition number="6274" type="jump" coverage="100%" />
                  </conditions>
                </line>
                <line number="50" hits="98" branch="True" condition-coverage="75% (3/4)">
                  <conditions>
                    <condition number="1409" type="jump" coverage="50%" />
                    <condition number="1766" type="jump" coverage="100%" />
                  </conditions>
                </line>
                <line number="57" hits="98" branch="True" condition-coverage="100% (2/2)">
                  <conditions>
                    <condition number="2364" type="jump" coverage="100%" />
                  </conditions>
                </line>
                <line number="58" hits="78" branch="True" condition-coverage="100% (2/2)">
                  <conditions>
                    <condition number="2840" type="jump" coverage="100%" />
                  </conditions>
                </line>
                <line number="63" hits="78" branch="False" />
                <line number="64" hits="98" branch="True" condition-coverage="100% (2/2)">
                  <conditions>
                    <condition number="3099" type="jump" coverage="100%" />
                  </conditions>
                </line>
                <line number="65" hits="20" branch="True" condition-coverage="83.33% (5/6)">
                  <conditions>
                    <condition number="3575" type="jump" coverage="100%" />
                    <condition number="3962" type="jump" coverage="50%" />
                    <condition number="4341" type="jump" coverage="100%" />
                  </conditions>
                </line>
                <line number="73" hits="20" branch="False" />
                <line number="75" hits="98" branch="True" condition-coverage="50% (1/2)">
                  <conditions>
                    <condition number="4618" type="jump" coverage="50%" />
                  </conditions>
                </line>
                <line number="76" hits="0" branch="True" condition-coverage="0% (0/4)">
                  <conditions>
                    <condition number="4843" type="jump" coverage="0%" />
                    <condition number="5223" type="jump" coverage="0%" />
                  </conditions>
                </line>
                <line number="78" hits="0" branch="True" condition-coverage="75% (3/4)">
                  <conditions>
                    <condition number="5649" type="jump" coverage="50%" />
                    <condition number="6029" type="jump" coverage="100%" />
                  </conditions>
                </line>
                <line number="84" hits="98" branch="False" />
              </lines>
            </method>
          </methods>
          <lines>
            <line number="4" hits="31" branch="False" />
            <line number="5" hits="31" branch="False" />
            <line number="9" hits="31" branch="True" condition-coverage="50% (1/2)">
              <conditions>
                <condition number="221" type="jump" coverage="50%" />
              </conditions>
            </line>
            <line number="10" hits="0" branch="False" />
            <line number="12" hits="0" branch="True" condition-coverage="100% (2/2)">
              <conditions>
                <condition number="757" type="jump" coverage="100%" />
              </conditions>
            </line>
            <line number="49" hits="289" branch="True" condition-coverage="100% (2/2)">
              <conditions>
                <condition number="6274" type="jump" coverage="100%" />
              </conditions>
            </line>
            <line number="50" hits="98" branch="True" condition-coverage="75% (3/4)">
              <conditions>
                <condition number="1409" type="jump" coverage="50%" />
                <condition number="1766" type="jump" coverage="100%" />
              </conditions>
            </line>
            <line number="57" hits="98" branch="True" condition-coverage="100% (2/2)">
              <conditions>
                <condition number="2364" type="jump" coverage="100%" />
              </conditions>
            </line>
            <line number="58" hits="78" branch="True" condition-coverage="100% (2/2)">
              <conditions>
                <condition number="2840" type="jump" coverage="100%" />
              </conditions>
            </line>
            <line number="63" hits="78" branch="False" />
            <line number="64" hits="98" branch="True" condition-coverage="100% (2/2)">
              <conditions>
                <condition number="3099" type="jump" coverage="100%" />
              </conditions>
            </line>
            <line number="65" hits="20" branch="True" condition-coverage="83.33% (5/6)">
              <conditions>
                <condition number="3575" type="jump" coverage="100%" />
                <condition number="3962" type="jump" coverage="50%" />
                <condition number="4341" type="jump" coverage="100%" />
              </conditions>
            </line>
            <line number="73" hits="20" branch="False" />
            <line number="75" hits="98" branch="True" condition-coverage="50% (1/2)">
              <conditions>
                <condition number="4618" type="jump" coverage="50%" />
              </conditions>
            </line>
            <line number="76" hits="0" branch="True" condition-coverage="0% (0/4)">
              <conditions>
                <condition number="4843" type="jump" coverage="0%" />
                <condition number="5223" type="jump" coverage="0%" />
              </conditions>
            </line>
            <line number="78" hits="0" branch="True" condition-coverage="75% (3/4)">
              <conditions>
                <condition number="5649" type="jump" coverage="50%" />
                <condition number="6029" type="jump" coverage="100%" />
              </conditions>
            </line>
            <line number="84" hits="98" branch="False" />
          </lines>
        </class>
        <class name="AspNetCoreGeneratedDocument.Views_Admin_ManageUsers/&lt;ExecuteAsync&gt;d__13" filename="Views\Admin\ManageUsers.cshtml" line-rate="0.75" branch-rate="0.875" complexity="8">
          <methods>
            <method name="MoveNext" signature="()" line-rate="0.75" branch-rate="0.875" complexity="8">
              <lines>
                <line number="4" hits="7" branch="False" />
                <line number="5" hits="7" branch="True" condition-coverage="100% (2/2)">
                  <conditions>
                    <condition number="519" type="jump" coverage="100%" />
                  </conditions>
                </line>
                <line number="14" hits="7" branch="True" condition-coverage="50% (1/2)">
                  <conditions>
                    <condition number="762" type="jump" coverage="50%" />
                  </conditions>
                </line>
                <line number="15" hits="0" branch="False" />
                <line number="17" hits="0" branch="False" />
                <line number="29" hits="79" branch="True" condition-coverage="100% (2/2)">
                  <conditions>
                    <condition number="2297" type="jump" coverage="100%" />
                  </conditions>
                </line>
                <line number="30" hits="29" branch="True" condition-coverage="100% (2/2)">
                  <conditions>
                    <condition number="2053" type="jump" coverage="100%" />
                  </conditions>
                </line>
                <line number="47" hits="29" branch="False" />
              </lines>
            </method>
          </methods>
          <lines>
            <line number="4" hits="7" branch="False" />
            <line number="5" hits="7" branch="True" condition-coverage="100% (2/2)">
              <conditions>
                <condition number="519" type="jump" coverage="100%" />
              </conditions>
            </line>
            <line number="14" hits="7" branch="True" condition-coverage="50% (1/2)">
              <conditions>
                <condition number="762" type="jump" coverage="50%" />
              </conditions>
            </line>
            <line number="15" hits="0" branch="False" />
            <line number="17" hits="0" branch="False" />
            <line number="29" hits="79" branch="True" condition-coverage="100% (2/2)">
              <conditions>
                <condition number="2297" type="jump" coverage="100%" />
              </conditions>
            </line>
            <line number="30" hits="29" branch="True" condition-coverage="100% (2/2)">
              <conditions>
                <condition number="2053" type="jump" coverage="100%" />
              </conditions>
            </line>
            <line number="47" hits="29" branch="False" />
          </lines>
        </class>
        <class name="AspNetCoreGeneratedDocument.Views_Admin_Scoreboard/&lt;ExecuteAsync&gt;d__0" filename="Views\Admin\Scoreboard.cshtml" line-rate="0.6666" branch-rate="0.5" complexity="2">
          <methods>
            <method name="MoveNext" signature="()" line-rate="0.6666" branch-rate="0.5" complexity="2">
              <lines>
                <line number="3" hits="5" branch="False" />
                <line number="4" hits="5" branch="False" />
                <line number="20" hits="5" branch="False" />
                <line number="22" hits="15" branch="True" condition-coverage="50% (1/2)">
                  <conditions>
                    <condition number="1036" type="jump" coverage="50%" />
                  </conditions>
                </line>
                <line number="23" hits="0" branch="False" />
                <line number="32" hits="0" branch="False" />
              </lines>
            </method>
          </methods>
          <lines>
            <line number="3" hits="5" branch="False" />
            <line number="4" hits="5" branch="False" />
            <line number="20" hits="5" branch="False" />
            <line number="22" hits="15" branch="True" condition-coverage="50% (1/2)">
              <conditions>
                <condition number="1036" type="jump" coverage="50%" />
              </conditions>
            </line>
            <line number="23" hits="0" branch="False" />
            <line number="32" hits="0" branch="False" />
          </lines>
        </class>
        <class name="AspNetCoreGeneratedDocument.Views_Admin__AdminLayout/&lt;ExecuteAsync&gt;d__11" filename="Views\Admin\_AdminLayout.cshtml" line-rate="1" branch-rate="1" complexity="4">
          <methods>
            <method name="MoveNext" signature="()" line-rate="1" branch-rate="1" complexity="4">
              <lines>
                <line number="2" hits="70" branch="True" condition-coverage="100% (4/4)">
                  <conditions>
                    <condition number="474" type="jump" coverage="100%" />
                    <condition number="1062" type="jump" coverage="100%" />
                  </conditions>
                </line>
              </lines>
            </method>
          </methods>
          <lines>
            <line number="2" hits="70" branch="True" condition-coverage="100% (4/4)">
              <conditions>
                <condition number="474" type="jump" coverage="100%" />
                <condition number="1062" type="jump" coverage="100%" />
              </conditions>
            </line>
          </lines>
        </class>
        <class name="AspNetCoreGeneratedDocument.Views_Shared__LoginPartial/&lt;ExecuteAsync&gt;d__18" filename="Views\Shared\_LoginPartial.cshtml" line-rate="1" branch-rate="1" complexity="10">
          <methods>
            <method name="MoveNext" signature="()" line-rate="1" branch-rate="1" complexity="10">
              <lines>
                <line number="7" hits="188" branch="True" condition-coverage="100% (2/2)">
                  <conditions>
                    <condition number="143" type="jump" coverage="100%" />
                  </conditions>
                </line>
                <line number="8" hits="70" branch="False" />
                <line number="9" hits="70" branch="True" condition-coverage="100% (2/2)">
                  <conditions>
                    <condition number="202" type="jump" coverage="100%" />
                  </conditions>
                </line>
                <line number="10" hits="70" branch="True" condition-coverage="100% (2/2)">
                  <conditions>
                    <condition number="648" type="jump" coverage="100%" />
                  </conditions>
                </line>
                <line number="14" hits="70" branch="True" condition-coverage="100% (2/2)">
                  <conditions>
                    <condition number="1380" type="jump" coverage="100%" />
                  </conditions>
                </line>
                <line number="21" hits="70" branch="False" />
                <line number="23" hits="118" branch="True" condition-coverage="100% (2/2)">
                  <conditions>
                    <condition number="2024" type="jump" coverage="100%" />
                  </conditions>
                </line>
                <line number="27" hits="118" branch="False" />
              </lines>
            </method>
          </methods>
          <lines>
            <line number="7" hits="188" branch="True" condition-coverage="100% (2/2)">
              <conditions>
                <condition number="143" type="jump" coverage="100%" />
              </conditions>
            </line>
            <line number="8" hits="70" branch="False" />
            <line number="9" hits="70" branch="True" condition-coverage="100% (2/2)">
              <conditions>
                <condition number="202" type="jump" coverage="100%" />
              </conditions>
            </line>
            <line number="10" hits="70" branch="True" condition-coverage="100% (2/2)">
              <conditions>
                <condition number="648" type="jump" coverage="100%" />
              </conditions>
            </line>
            <line number="14" hits="70" branch="True" condition-coverage="100% (2/2)">
              <conditions>
                <condition number="1380" type="jump" coverage="100%" />
              </conditions>
            </line>
            <line number="21" hits="70" branch="False" />
            <line number="23" hits="118" branch="True" condition-coverage="100% (2/2)">
              <conditions>
                <condition number="2024" type="jump" coverage="100%" />
              </conditions>
            </line>
            <line number="27" hits="118" branch="False" />
          </lines>
        </class>
        <class name="AspNetCoreGeneratedDocument.Views__ViewStart/&lt;ExecuteAsync&gt;d__0" filename="Views\_ViewStart.cshtml" line-rate="1" branch-rate="1" complexity="1">
          <methods>
            <method name="MoveNext" signature="()" line-rate="1" branch-rate="1" complexity="1">
              <lines>
                <line number="2" hits="188" branch="False" />
              </lines>
            </method>
          </methods>
          <lines>
            <line number="2" hits="188" branch="False" />
          </lines>
        </class>
        <class name="DominationPoint.Models.CreateTeamViewModel" filename="Models\CreateTeamViewModel.cs" line-rate="1" branch-rate="1" complexity="2">
          <methods>
            <method name="get_TeamName" signature="()" line-rate="1" branch-rate="1" complexity="1">
              <lines>
                <line number="10" hits="65" branch="False" />
              </lines>
            </method>
            <method name="get_ColorHex" signature="()" line-rate="1" branch-rate="1" complexity="1">
              <lines>
                <line number="14" hits="52" branch="False" />
              </lines>
            </method>
          </methods>
          <lines>
            <line number="10" hits="65" branch="False" />
            <line number="14" hits="52" branch="False" />
          </lines>
        </class>
        <class name="DominationPoint.Models.GameDetailViewModel" filename="Models\GameDetailViewModel.cs" line-rate="1" branch-rate="1" complexity="5">
          <methods>
            <method name="get_Game" signature="()" line-rate="1" branch-rate="1" complexity="1">
              <lines>
                <line number="7" hits="17" branch="False" />
              </lines>
            </method>
            <method name="get_Participants" signature="()" line-rate="1" branch-rate="1" complexity="1">
              <lines>
                <line number="8" hits="6" branch="False" />
              </lines>
            </method>
            <method name="get_NonParticipants" signature="()" line-rate="1" branch-rate="1" complexity="1">
              <lines>
                <line number="9" hits="6" branch="False" />
              </lines>
            </method>
            <method name="get_Annotations" signature="()" line-rate="1" branch-rate="1" complexity="1">
              <lines>
                <line number="10" hits="206" branch="False" />
              </lines>
            </method>
            <method name="get_ControlPoints" signature="()" line-rate="1" branch-rate="1" complexity="1">
              <lines>
                <line number="11" hits="204" branch="False" />
              </lines>
            </method>
          </methods>
          <lines>
            <line number="7" hits="17" branch="False" />
            <line number="8" hits="6" branch="False" />
            <line number="9" hits="6" branch="False" />
            <line number="10" hits="206" branch="False" />
            <line number="11" hits="204" branch="False" />
          </lines>
        </class>
        <class name="DominationPoint.Models.LiveGameViewModel" filename="Models\LiveGameViewModel.cs" line-rate="1" branch-rate="1" complexity="4">
          <methods>
            <method name="get_Game" signature="()" line-rate="1" branch-rate="1" complexity="1">
              <lines>
                <line number="7" hits="8" branch="False" />
              </lines>
            </method>
            <method name="get_Participants" signature="()" line-rate="1" branch-rate="1" complexity="1">
              <lines>
                <line number="8" hits="8" branch="False" />
              </lines>
            </method>
            <method name="get_ControlPoints" signature="()" line-rate="1" branch-rate="1" complexity="1">
              <lines>
                <line number="9" hits="206" branch="False" />
              </lines>
            </method>
            <method name="get_Annotations" signature="()" line-rate="1" branch-rate="1" complexity="1">
              <lines>
                <line number="10" hits="204" branch="False" />
              </lines>
            </method>
          </methods>
          <lines>
            <line number="7" hits="8" branch="False" />
            <line number="8" hits="8" branch="False" />
            <line number="9" hits="206" branch="False" />
            <line number="10" hits="204" branch="False" />
          </lines>
        </class>
        <class name="DominationPoint.Models.LoginViewModel" filename="Models\LoginViewModel.cs" line-rate="1" branch-rate="1" complexity="3">
          <methods>
            <method name="get_Email" signature="()" line-rate="1" branch-rate="1" complexity="1">
              <lines>
                <line number="9" hits="413" branch="False" />
              </lines>
            </method>
            <method name="get_Password" signature="()" line-rate="1" branch-rate="1" complexity="1">
              <lines>
                <line number="13" hits="407" branch="False" />
              </lines>
            </method>
            <method name="get_RememberMe" signature="()" line-rate="1" branch-rate="1" complexity="1">
              <lines>
                <line number="16" hits="306" branch="False" />
              </lines>
            </method>
          </methods>
          <lines>
            <line number="9" hits="413" branch="False" />
            <line number="13" hits="407" branch="False" />
            <line number="16" hits="306" branch="False" />
          </lines>
        </class>
        <class name="DominationPoint.Models.ScoreboardViewModel" filename="Models\ScoreboardViewModel.cs" line-rate="1" branch-rate="1" complexity="2">
          <methods>
            <method name="get_Game" signature="()" line-rate="1" branch-rate="1" complexity="1">
              <lines>
                <line number="7" hits="137" branch="False" />
              </lines>
            </method>
            <method name="get_TeamScores" signature="()" line-rate="1" branch-rate="1" complexity="1">
              <lines>
                <line number="8" hits="210" branch="False" />
              </lines>
            </method>
          </methods>
          <lines>
            <line number="7" hits="137" branch="False" />
            <line number="8" hits="210" branch="False" />
          </lines>
        </class>
        <class name="DominationPoint.Models.TeamScore" filename="Models\ScoreboardViewModel.cs" line-rate="1" branch-rate="1" complexity="7">
          <methods>
            <method name="get_TeamName" signature="()" line-rate="1" branch-rate="1" complexity="1">
              <lines>
                <line number="13" hits="154" branch="False" />
              </lines>
            </method>
            <method name="get_TeamColorHex" signature="()" line-rate="1" branch-rate="1" complexity="1">
              <lines>
                <line number="14" hits="118" branch="False" />
              </lines>
            </method>
            <method name="get_HoldingScore" signature="()" line-rate="1" branch-rate="1" complexity="1">
              <lines>
                <line number="15" hits="99" branch="False" />
              </lines>
            </method>
            <method name="get_CaptureBonusScore" signature="()" line-rate="1" branch-rate="1" complexity="1">
              <lines>
                <line number="16" hits="335" branch="False" />
              </lines>
            </method>
            <method name="get_TotalScoreFromDb" signature="()" line-rate="1" branch-rate="1" complexity="1">
              <lines>
                <line number="18" hits="67" branch="False" />
              </lines>
            </method>
            <method name="get_TotalScore" signature="()" line-rate="1" branch-rate="1" complexity="2">
              <lines>
                <line number="20" hits="33" branch="True" condition-coverage="100% (2/2)">
                  <conditions>
                    <condition number="17" type="jump" coverage="100%" />
                  </conditions>
                </line>
              </lines>
            </method>
          </methods>
          <lines>
            <line number="13" hits="154" branch="False" />
            <line number="14" hits="118" branch="False" />
            <line number="15" hits="99" branch="False" />
            <line number="16" hits="335" branch="False" />
            <line number="18" hits="67" branch="False" />
            <line number="20" hits="33" branch="True" condition-coverage="100% (2/2)">
              <conditions>
                <condition number="17" type="jump" coverage="100%" />
              </conditions>
            </line>
          </lines>
        </class>
        <class name="DominationPoint.Infrastructure.ApplicationDbContext" filename="Infrastructure\ApplicationDbContext.cs" line-rate="1" branch-rate="1" complexity="9">
          <methods>
            <method name="get_ControlPoints" signature="()" line-rate="1" branch-rate="1" complexity="1">
              <lines>
                <line number="15" hits="18" branch="False" />
              </lines>
            </method>
            <method name="get_Games" signature="()" line-rate="1" branch-rate="1" complexity="1">
              <lines>
                <line number="16" hits="81" branch="False" />
              </lines>
            </method>
            <method name="get_GameScores" signature="()" line-rate="1" branch-rate="1" complexity="1">
              <lines>
                <line number="17" hits="5" branch="False" />
              </lines>
            </method>
            <method name="get_MapAnnotations" signature="()" line-rate="1" branch-rate="1" complexity="1">
              <lines>
                <line number="18" hits="13" branch="False" />
              </lines>
            </method>
            <method name="get_GameParticipants" signature="()" line-rate="1" branch-rate="1" complexity="1">
              <lines>
                <line number="19" hits="14" branch="False" />
              </lines>
            </method>
            <method name="get_GameEvents" signature="()" line-rate="1" branch-rate="1" complexity="1">
              <lines>
                <line number="20" hits="2" branch="False" />
              </lines>
            </method>
            <method name="SaveChangesAsync" signature="(System.Threading.CancellationToken)" line-rate="1" branch-rate="1" complexity="1">
              <lines>
                <line number="23" hits="141" branch="False" />
                <line number="24" hits="141" branch="False" />
                <line number="25" hits="141" branch="False" />
              </lines>
            </method>
            <method name="OnModelCreating" signature="(Microsoft.EntityFrameworkCore.ModelBuilder)" line-rate="1" branch-rate="1" complexity="1">
              <lines>
                <line number="28" hits="2" branch="False" />
                <line number="29" hits="2" branch="False" />
                <line number="31" hits="2" branch="False" />
                <line number="32" hits="2" branch="False" />
                <line number="33" hits="2" branch="False" />
              </lines>
            </method>
            <method name=".ctor" signature="(Microsoft.EntityFrameworkCore.DbContextOptions`1&lt;DominationPoint.Infrastructure.ApplicationDbContext&gt;)" line-rate="1" branch-rate="1" complexity="1">
              <lines>
                <line number="11" hits="522" branch="False" />
                <line number="12" hits="522" branch="False" />
                <line number="13" hits="522" branch="False" />
              </lines>
            </method>
          </methods>
          <lines>
            <line number="15" hits="18" branch="False" />
            <line number="16" hits="81" branch="False" />
            <line number="17" hits="5" branch="False" />
            <line number="18" hits="13" branch="False" />
            <line number="19" hits="14" branch="False" />
            <line number="20" hits="2" branch="False" />
            <line number="23" hits="141" branch="False" />
            <line number="24" hits="141" branch="False" />
            <line number="25" hits="141" branch="False" />
            <line number="28" hits="2" branch="False" />
            <line number="29" hits="2" branch="False" />
            <line number="31" hits="2" branch="False" />
            <line number="32" hits="2" branch="False" />
            <line number="33" hits="2" branch="False" />
            <line number="11" hits="522" branch="False" />
            <line number="12" hits="522" branch="False" />
            <line number="13" hits="522" branch="False" />
          </lines>
        </class>
        <class name="DominationPoint.Infrastructure.Data.SeedData/&lt;EnsureRoleExists&gt;d__1" filename="Infrastructure\Data\SeedData.cs" line-rate="1" branch-rate="1" complexity="2">
          <methods>
            <method name="MoveNext" signature="()" line-rate="1" branch-rate="1" complexity="2">
              <lines>
                <line number="77" hits="46" branch="False" />
                <line number="78" hits="46" branch="True" condition-coverage="100% (2/2)">
                  <conditions>
                    <condition number="169" type="jump" coverage="100%" />
                  </conditions>
                </line>
                <line number="79" hits="31" branch="False" />
                <line number="80" hits="31" branch="False" />
                <line number="81" hits="31" branch="False" />
                <line number="82" hits="31" branch="False" />
                <line number="83" hits="46" branch="False" />
              </lines>
            </method>
          </methods>
          <lines>
            <line number="77" hits="46" branch="False" />
            <line number="78" hits="46" branch="True" condition-coverage="100% (2/2)">
              <conditions>
                <condition number="169" type="jump" coverage="100%" />
              </conditions>
            </line>
            <line number="79" hits="31" branch="False" />
            <line number="80" hits="31" branch="False" />
            <line number="81" hits="31" branch="False" />
            <line number="82" hits="31" branch="False" />
            <line number="83" hits="46" branch="False" />
          </lines>
        </class>
        <class name="DominationPoint.Infrastructure.Data.SeedData/&lt;Initialize&gt;d__0" filename="Infrastructure\Data\SeedData.cs" line-rate="0.6729999999999999" branch-rate="0.5" complexity="14">
          <methods>
            <method name="MoveNext" signature="()" line-rate="0.6729999999999999" branch-rate="0.5" complexity="14">
              <lines>
                <line number="9" hits="23" branch="False" />
                <line number="10" hits="23" branch="False" />
                <line number="11" hits="23" branch="True" condition-coverage="50% (1/2)">
                  <conditions>
                    <condition number="137" type="jump" coverage="50%" />
                  </conditions>
                </line>
                <line number="13" hits="23" branch="False" />
                <line number="14" hits="23" branch="False" />
                <line number="15" hits="23" branch="False" />
                <line number="17" hits="23" branch="True" condition-coverage="100% (2/2)">
                  <conditions>
                    <condition number="424" type="jump" coverage="100%" />
                  </conditions>
                </line>
                <line number="20" hits="23" branch="False" />
                <line number="21" hits="23" branch="False" />
                <line number="22" hits="23" branch="False" />
                <line number="24" hits="23" branch="False" />
                <line number="25" hits="23" branch="True" condition-coverage="100% (2/2)">
                  <conditions>
                    <condition number="957" type="jump" coverage="100%" />
                  </conditions>
                </line>
                <line number="26" hits="17" branch="False" />
                <line number="27" hits="17" branch="False" />
                <line number="28" hits="17" branch="False" />
                <line number="29" hits="17" branch="False" />
                <line number="30" hits="17" branch="False" />
                <line number="31" hits="17" branch="False" />
                <line number="32" hits="17" branch="False" />
                <line number="33" hits="17" branch="False" />
                <line number="34" hits="17" branch="False" />
                <line number="37" hits="17" branch="False" />
                <line number="38" hits="17" branch="True" condition-coverage="50% (1/2)">
                  <conditions>
                    <condition number="1257" type="jump" coverage="50%" />
                  </conditions>
                </line>
                <line number="39" hits="0" branch="False" />
                <line number="41" hits="0" branch="True" condition-coverage="0% (0/2)">
                  <conditions>
                    <condition number="1462" type="jump" coverage="0%" />
                  </conditions>
                </line>
                <line number="42" hits="0" branch="False" />
                <line number="43" hits="0" branch="False" />
                <line number="44" hits="0" branch="False" />
                <line number="45" hits="0" branch="False" />
                <line number="47" hits="17" branch="False" />
                <line number="49" hits="17" branch="False" />
                <line number="50" hits="17" branch="False" />
                <line number="51" hits="17" branch="True" condition-coverage="50% (1/2)">
                  <conditions>
                    <condition number="1783" type="jump" coverage="50%" />
                  </conditions>
                </line>
                <line number="52" hits="0" branch="False" />
                <line number="53" hits="0" branch="True" condition-coverage="0% (0/2)">
                  <conditions>
                    <condition number="1988" type="jump" coverage="0%" />
                  </conditions>
                </line>
                <line number="54" hits="0" branch="False" />
                <line number="55" hits="0" branch="False" />
                <line number="56" hits="0" branch="False" />
                <line number="57" hits="0" branch="False" />
                <line number="59" hits="17" branch="False" />
                <line number="60" hits="17" branch="False" />
                <line number="62" hits="6" branch="False" />
                <line number="63" hits="6" branch="False" />
                <line number="64" hits="6" branch="False" />
                <line number="66" hits="23" branch="False" />
                <line number="67" hits="23" branch="False" />
                <line number="68" hits="0" branch="False" />
                <line number="69" hits="0" branch="False" />
                <line number="70" hits="0" branch="False" />
                <line number="71" hits="0" branch="False" />
                <line number="72" hits="0" branch="False" />
                <line number="74" hits="23" branch="False" />
              </lines>
            </method>
          </methods>
          <lines>
            <line number="9" hits="23" branch="False" />
            <line number="10" hits="23" branch="False" />
            <line number="11" hits="23" branch="True" condition-coverage="50% (1/2)">
              <conditions>
                <condition number="137" type="jump" coverage="50%" />
              </conditions>
            </line>
            <line number="13" hits="23" branch="False" />
            <line number="14" hits="23" branch="False" />
            <line number="15" hits="23" branch="False" />
            <line number="17" hits="23" branch="True" condition-coverage="100% (2/2)">
              <conditions>
                <condition number="424" type="jump" coverage="100%" />
              </conditions>
            </line>
            <line number="20" hits="23" branch="False" />
            <line number="21" hits="23" branch="False" />
            <line number="22" hits="23" branch="False" />
            <line number="24" hits="23" branch="False" />
            <line number="25" hits="23" branch="True" condition-coverage="100% (2/2)">
              <conditions>
                <condition number="957" type="jump" coverage="100%" />
              </conditions>
            </line>
            <line number="26" hits="17" branch="False" />
            <line number="27" hits="17" branch="False" />
            <line number="28" hits="17" branch="False" />
            <line number="29" hits="17" branch="False" />
            <line number="30" hits="17" branch="False" />
            <line number="31" hits="17" branch="False" />
            <line number="32" hits="17" branch="False" />
            <line number="33" hits="17" branch="False" />
            <line number="34" hits="17" branch="False" />
            <line number="37" hits="17" branch="False" />
            <line number="38" hits="17" branch="True" condition-coverage="50% (1/2)">
              <conditions>
                <condition number="1257" type="jump" coverage="50%" />
              </conditions>
            </line>
            <line number="39" hits="0" branch="False" />
            <line number="41" hits="0" branch="True" condition-coverage="0% (0/2)">
              <conditions>
                <condition number="1462" type="jump" coverage="0%" />
              </conditions>
            </line>
            <line number="42" hits="0" branch="False" />
            <line number="43" hits="0" branch="False" />
            <line number="44" hits="0" branch="False" />
            <line number="45" hits="0" branch="False" />
            <line number="47" hits="17" branch="False" />
            <line number="49" hits="17" branch="False" />
            <line number="50" hits="17" branch="False" />
            <line number="51" hits="17" branch="True" condition-coverage="50% (1/2)">
              <conditions>
                <condition number="1783" type="jump" coverage="50%" />
              </conditions>
            </line>
            <line number="52" hits="0" branch="False" />
            <line number="53" hits="0" branch="True" condition-coverage="0% (0/2)">
              <conditions>
                <condition number="1988" type="jump" coverage="0%" />
              </conditions>
            </line>
            <line number="54" hits="0" branch="False" />
            <line number="55" hits="0" branch="False" />
            <line number="56" hits="0" branch="False" />
            <line number="57" hits="0" branch="False" />
            <line number="59" hits="17" branch="False" />
            <line number="60" hits="17" branch="False" />
            <line number="62" hits="6" branch="False" />
            <line number="63" hits="6" branch="False" />
            <line number="64" hits="6" branch="False" />
            <line number="66" hits="23" branch="False" />
            <line number="67" hits="23" branch="False" />
            <line number="68" hits="0" branch="False" />
            <line number="69" hits="0" branch="False" />
            <line number="70" hits="0" branch="False" />
            <line number="71" hits="0" branch="False" />
            <line number="72" hits="0" branch="False" />
            <line number="74" hits="23" branch="False" />
          </lines>
        </class>
        <class name="DominationPoint.Core.Domain.ApplicationUser" filename="Core\Domain\ApplicationUser.cs" line-rate="1" branch-rate="1" complexity="2">
          <methods>
            <method name="get_ColorHex" signature="()" line-rate="1" branch-rate="1" complexity="1">
              <lines>
                <line number="7" hits="392" branch="False" />
              </lines>
            </method>
            <method name="get_NumpadCode" signature="()" line-rate="1" branch-rate="1" complexity="1">
              <lines>
                <line number="8" hits="210" branch="False" />
              </lines>
            </method>
          </methods>
          <lines>
            <line number="7" hits="392" branch="False" />
            <line number="8" hits="210" branch="False" />
          </lines>
        </class>
        <class name="DominationPoint.Core.Domain.ControlPoint" filename="Core\Domain\ControlPoint.cs" line-rate="1" branch-rate="1" complexity="8">
          <methods>
            <method name="get_Id" signature="()" line-rate="1" branch-rate="1" complexity="1">
              <lines>
                <line number="5" hits="413" branch="False" />
              </lines>
            </method>
            <method name="get_GameId" signature="()" line-rate="1" branch-rate="1" complexity="1">
              <lines>
                <line number="6" hits="173" branch="False" />
              </lines>
            </method>
            <method name="get_Game" signature="()" line-rate="1" branch-rate="1" complexity="1">
              <lines>
                <line number="7" hits="136" branch="False" />
              </lines>
            </method>
            <method name="get_PositionX" signature="()" line-rate="1" branch-rate="1" complexity="1">
              <lines>
                <line number="8" hits="546" branch="False" />
              </lines>
            </method>
            <method name="get_PositionY" signature="()" line-rate="1" branch-rate="1" complexity="1">
              <lines>
                <line number="9" hits="97" branch="False" />
              </lines>
            </method>
            <method name="get_Status" signature="()" line-rate="1" branch-rate="1" complexity="1">
              <lines>
                <line number="10" hits="183" branch="False" />
              </lines>
            </method>
            <method name="get_ApplicationUserId" signature="()" line-rate="1" branch-rate="1" complexity="1">
              <lines>
                <line number="12" hits="243" branch="False" />
              </lines>
            </method>
            <method name="get_ApplicationUser" signature="()" line-rate="1" branch-rate="1" complexity="1">
              <lines>
                <line number="13" hits="8" branch="False" />
              </lines>
            </method>
          </methods>
          <lines>
            <line number="5" hits="413" branch="False" />
            <line number="6" hits="173" branch="False" />
            <line number="7" hits="136" branch="False" />
            <line number="8" hits="546" branch="False" />
            <line number="9" hits="97" branch="False" />
            <line number="10" hits="183" branch="False" />
            <line number="12" hits="243" branch="False" />
            <line number="13" hits="8" branch="False" />
          </lines>
        </class>
        <class name="DominationPoint.Core.Domain.Game" filename="Core\Domain\Game.cs" line-rate="1" branch-rate="1" complexity="5">
          <methods>
            <method name="get_Id" signature="()" line-rate="1" branch-rate="1" complexity="1">
              <lines>
                <line number="5" hits="620" branch="False" />
              </lines>
            </method>
            <method name="get_Name" signature="()" line-rate="1" branch-rate="1" complexity="1">
              <lines>
                <line number="6" hits="316" branch="False" />
              </lines>
            </method>
            <method name="get_StartTime" signature="()" line-rate="1" branch-rate="1" complexity="1">
              <lines>
                <line number="7" hits="406" branch="False" />
              </lines>
            </method>
            <method name="get_EndTime" signature="()" line-rate="1" branch-rate="1" complexity="1">
              <lines>
                <line number="8" hits="274" branch="False" />
              </lines>
            </method>
            <method name="get_Status" signature="()" line-rate="1" branch-rate="1" complexity="1">
              <lines>
                <line number="9" hits="762" branch="False" />
              </lines>
            </method>
          </methods>
          <lines>
            <line number="5" hits="620" branch="False" />
            <line number="6" hits="316" branch="False" />
            <line number="7" hits="406" branch="False" />
            <line number="8" hits="274" branch="False" />
            <line number="9" hits="762" branch="False" />
          </lines>
        </class>
        <class name="DominationPoint.Core.Domain.GameEvent" filename="Core\Domain\GameEvent.cs" line-rate="0.7777" branch-rate="1" complexity="9">
          <methods>
            <method name="get_Id" signature="()" line-rate="0" branch-rate="1" complexity="1">
              <lines>
                <line number="5" hits="0" branch="False" />
              </lines>
            </method>
            <method name="get_GameId" signature="()" line-rate="1" branch-rate="1" complexity="1">
              <lines>
                <line number="6" hits="381" branch="False" />
              </lines>
            </method>
            <method name="get_Game" signature="()" line-rate="1" branch-rate="1" complexity="1">
              <lines>
                <line number="7" hits="214" branch="False" />
              </lines>
            </method>
            <method name="get_ControlPointId" signature="()" line-rate="1" branch-rate="1" complexity="1">
              <lines>
                <line number="9" hits="375" branch="False" />
              </lines>
            </method>
            <method name="get_Type" signature="()" line-rate="1" branch-rate="1" complexity="1">
              <lines>
                <line number="11" hits="551" branch="False" />
              </lines>
            </method>
            <method name="get_Timestamp" signature="()" line-rate="1" branch-rate="1" complexity="1">
              <lines>
                <line number="12" hits="421" branch="False" />
              </lines>
            </method>
            <method name="get_ActingUserId" signature="()" line-rate="1" branch-rate="1" complexity="1">
              <lines>
                <line number="14" hits="653" branch="False" />
              </lines>
            </method>
            <method name="get_ActingUser" signature="()" line-rate="0" branch-rate="1" complexity="1">
              <lines>
                <line number="15" hits="0" branch="False" />
              </lines>
            </method>
[...]
          <methods>
            <method name="MoveNext" signature="()" line-rate="1" branch-rate="1" complexity="1">
              <lines>
                <line number="46" hits="31" branch="False" />
                <line number="47" hits="31" branch="False" />
                <line number="48" hits="31" branch="False" />
                <line number="49" hits="31" branch="False" />
              </lines>
            </method>
          </methods>
          <lines>
            <line number="46" hits="31" branch="False" />
            <line number="47" hits="31" branch="False" />
            <line number="48" hits="31" branch="False" />
            <line number="49" hits="31" branch="False" />
          </lines>
        </class>
        <class name="DominationPoint.Controllers.AdminController/&lt;ManageUsers&gt;d__17" filename="Controllers\AdminController.cs" line-rate="1" branch-rate="1" complexity="1">
          <methods>
            <method name="MoveNext" signature="()" line-rate="1" branch-rate="1" complexity="1">
              <lines>
                <line number="172" hits="7" branch="False" />
                <line number="173" hits="7" branch="False" />
                <line number="174" hits="7" branch="False" />
                <line number="175" hits="7" branch="False" />
              </lines>
            </method>
          </methods>
          <lines>
            <line number="172" hits="7" branch="False" />
            <line number="173" hits="7" branch="False" />
            <line number="174" hits="7" branch="False" />
            <line number="175" hits="7" branch="False" />
          </lines>
        </class>
        <class name="DominationPoint.Controllers.AdminController/&lt;RemoveParticipant&gt;d__13" filename="Controllers\AdminController.cs" line-rate="1" branch-rate="1" complexity="1">
          <methods>
            <method name="MoveNext" signature="()" line-rate="1" branch-rate="1" complexity="1">
              <lines>
                <line number="116" hits="2" branch="False" />
                <line number="117" hits="2" branch="False" />
                <line number="118" hits="2" branch="False" />
                <line number="119" hits="2" branch="False" />
              </lines>
            </method>
          </methods>
          <lines>
            <line number="116" hits="2" branch="False" />
            <line number="117" hits="2" branch="False" />
            <line number="118" hits="2" branch="False" />
            <line number="119" hits="2" branch="False" />
          </lines>
        </class>
        <class name="DominationPoint.Controllers.AdminController/&lt;Scoreboard&gt;d__6" filename="Controllers\AdminController.cs" line-rate="1" branch-rate="1" complexity="1">
          <methods>
            <method name="MoveNext" signature="()" line-rate="1" branch-rate="1" complexity="1">
              <lines>
                <line number="37" hits="5" branch="False" />
                <line number="38" hits="5" branch="False" />
                <line number="39" hits="5" branch="False" />
                <line number="40" hits="5" branch="False" />
              </lines>
            </method>
          </methods>
          <lines>
            <line number="37" hits="5" branch="False" />
            <line number="38" hits="5" branch="False" />
            <line number="39" hits="5" branch="False" />
            <line number="40" hits="5" branch="False" />
          </lines>
        </class>
        <class name="DominationPoint.Controllers.AdminController/&lt;StartGame&gt;d__9" filename="Controllers\AdminController.cs" line-rate="1" branch-rate="1" complexity="1">
          <methods>
            <method name="MoveNext" signature="()" line-rate="1" branch-rate="1" complexity="1">
              <lines>
                <line number="69" hits="2" branch="False" />
                <line number="70" hits="2" branch="False" />
                <line number="71" hits="2" branch="False" />
                <line number="72" hits="2" branch="False" />
              </lines>
            </method>
          </methods>
          <lines>
            <line number="69" hits="2" branch="False" />
            <line number="70" hits="2" branch="False" />
            <line number="71" hits="2" branch="False" />
            <line number="72" hits="2" branch="False" />
          </lines>
        </class>
        <class name="DominationPoint.Controllers.AdminController/&lt;UpdateLiveTileState&gt;d__16" filename="Controllers\AdminController.cs" line-rate="1" branch-rate="1" complexity="1">
          <methods>
            <method name="MoveNext" signature="()" line-rate="1" branch-rate="1" complexity="1">
              <lines>
                <line number="160" hits="3" branch="False" />
                <line number="162" hits="3" branch="False" />
                <line number="164" hits="3" branch="False" />
                <line number="165" hits="3" branch="False" />
              </lines>
            </method>
          </methods>
          <lines>
            <line number="160" hits="3" branch="False" />
            <line number="162" hits="3" branch="False" />
            <line number="164" hits="3" branch="False" />
            <line number="165" hits="3" branch="False" />
          </lines>
        </class>
        <class name="DominationPoint.Controllers.AdminController/&lt;UpdateNumpadCode&gt;d__20" filename="Controllers\AdminController.cs" line-rate="1" branch-rate="1" complexity="2">
          <methods>
            <method name="MoveNext" signature="()" line-rate="1" branch-rate="1" complexity="2">
              <lines>
                <line number="225" hits="4" branch="False" />
                <line number="226" hits="4" branch="False" />
                <line number="227" hits="4" branch="True" condition-coverage="100% (2/2)">
                  <conditions>
                    <condition number="205" type="jump" coverage="100%" />
                  </conditions>
                </line>
                <line number="228" hits="3" branch="False" />
                <line number="229" hits="3" branch="False" />
                <line number="230" hits="3" branch="False" />
                <line number="231" hits="3" branch="False" />
                <line number="232" hits="4" branch="False" />
                <line number="233" hits="4" branch="False" />
              </lines>
            </method>
          </methods>
          <lines>
            <line number="225" hits="4" branch="False" />
            <line number="226" hits="4" branch="False" />
            <line number="227" hits="4" branch="True" condition-coverage="100% (2/2)">
              <conditions>
                <condition number="205" type="jump" coverage="100%" />
              </conditions>
            </line>
            <line number="228" hits="3" branch="False" />
            <line number="229" hits="3" branch="False" />
            <line number="230" hits="3" branch="False" />
            <line number="231" hits="3" branch="False" />
            <line number="232" hits="4" branch="False" />
            <line number="233" hits="4" branch="False" />
          </lines>
        </class>
        <class name="DominationPoint.ApiControllers.AuthController" filename="ApiControllers\AuthController.cs" line-rate="1" branch-rate="1" complexity="1">
          <methods>
            <method name=".ctor" signature="(Microsoft.AspNetCore.Identity.UserManager`1&lt;DominationPoint.Core.Domain.ApplicationUser&gt;,Microsoft.Extensions.Configuration.IConfiguration)" line-rate="1" branch-rate="1" complexity="1">
              <lines>
                <line number="18" hits="30" branch="False" />
                <line number="19" hits="30" branch="False" />
                <line number="20" hits="30" branch="False" />
                <line number="21" hits="30" branch="False" />
                <line number="22" hits="30" branch="False" />
              </lines>
            </method>
          </methods>
          <lines>
            <line number="18" hits="30" branch="False" />
            <line number="19" hits="30" branch="False" />
            <line number="20" hits="30" branch="False" />
            <line number="21" hits="30" branch="False" />
            <line number="22" hits="30" branch="False" />
          </lines>
        </class>
        <class name="DominationPoint.ApiControllers.AuthController/LoginRequest" filename="ApiControllers\AuthController.cs" line-rate="1" branch-rate="1" complexity="1">
          <methods>
            <method name="get_Email" signature="()" line-rate="1" branch-rate="1" complexity="1">
              <lines>
                <line number="24" hits="175" branch="False" />
              </lines>
            </method>
          </methods>
          <lines>
            <line number="24" hits="175" branch="False" />
          </lines>
        </class>
        <class name="DominationPoint.ApiControllers.AuthController/&lt;GetToken&gt;d__4" filename="ApiControllers\AuthController.cs" line-rate="0.95" branch-rate="0.9285" complexity="14">
          <methods>
            <method name="MoveNext" signature="()" line-rate="0.95" branch-rate="0.9285" complexity="14">
              <lines>
                <line number="28" hits="26" branch="False" />
                <line number="29" hits="26" branch="True" condition-coverage="100% (6/6)">
                  <conditions>
                    <condition number="75" type="jump" coverage="100%" />
                    <condition number="103" type="jump" coverage="100%" />
                    <condition number="156" type="jump" coverage="100%" />
                  </conditions>
                </line>
                <line number="30" hits="2" branch="False" />
                <line number="31" hits="2" branch="False" />
                <line number="34" hits="24" branch="False" />
                <line number="35" hits="24" branch="True" condition-coverage="100% (2/2)">
                  <conditions>
                    <condition number="401" type="jump" coverage="100%" />
                  </conditions>
                </line>
                <line number="36" hits="2" branch="False" />
                <line number="37" hits="2" branch="False" />
                <line number="40" hits="22" branch="False" />
                <line number="41" hits="22" branch="True" condition-coverage="100% (2/2)">
                  <conditions>
                    <condition number="648" type="jump" coverage="100%" />
                  </conditions>
                </line>
                <line number="42" hits="2" branch="False" />
                <line number="43" hits="2" branch="False" />
                <line number="46" hits="20" branch="False" />
                <line number="47" hits="20" branch="False" />
                <line number="48" hits="20" branch="False" />
                <line number="49" hits="20" branch="False" />
                <line number="50" hits="20" branch="False" />
                <line number="51" hits="20" branch="False" />
                <line number="53" hits="100" branch="True" condition-coverage="100% (2/2)">
                  <conditions>
                    <condition number="1119" type="jump" coverage="100%" />
                  </conditions>
                </line>
                <line number="54" hits="20" branch="False" />
                <line number="55" hits="20" branch="False" />
                <line number="56" hits="20" branch="False" />
                <line number="58" hits="20" branch="False" />
                <line number="59" hits="20" branch="True" condition-coverage="50% (1/2)">
                  <conditions>
                    <condition number="1230" type="jump" coverage="50%" />
                  </conditions>
                </line>
                <line number="60" hits="0" branch="False" />
                <line number="61" hits="0" branch="False" />
                <line number="64" hits="20" branch="False" />
                <line number="66" hits="20" branch="False" />
                <line number="67" hits="20" branch="False" />
                <line number="68" hits="20" branch="False" />
                <line number="69" hits="20" branch="False" />
                <line number="70" hits="20" branch="False" />
                <line number="71" hits="20" branch="False" />
                <line number="72" hits="20" branch="False" />
                <line number="74" hits="20" branch="False" />
                <line number="75" hits="20" branch="False" />
                <line number="76" hits="20" branch="False" />
                <line number="77" hits="20" branch="False" />
                <line number="78" hits="20" branch="False" />
                <line number="79" hits="26" branch="False" />
              </lines>
            </method>
          </methods>
          <lines>
            <line number="28" hits="26" branch="False" />
            <line number="29" hits="26" branch="True" condition-coverage="100% (6/6)">
              <conditions>
                <condition number="75" type="jump" coverage="100%" />
                <condition number="103" type="jump" coverage="100%" />
                <condition number="156" type="jump" coverage="100%" />
              </conditions>
            </line>
            <line number="30" hits="2" branch="False" />
            <line number="31" hits="2" branch="False" />
            <line number="34" hits="24" branch="False" />
            <line number="35" hits="24" branch="True" condition-coverage="100% (2/2)">
              <conditions>
                <condition number="401" type="jump" coverage="100%" />
              </conditions>
            </line>
            <line number="36" hits="2" branch="False" />
            <line number="37" hits="2" branch="False" />
            <line number="40" hits="22" branch="False" />
            <line number="41" hits="22" branch="True" condition-coverage="100% (2/2)">
              <conditions>
                <condition number="648" type="jump" coverage="100%" />
              </conditions>
            </line>
            <line number="42" hits="2" branch="False" />
            <line number="43" hits="2" branch="False" />
            <line number="46" hits="20" branch="False" />
            <line number="47" hits="20" branch="False" />
            <line number="48" hits="20" branch="False" />
            <line number="49" hits="20" branch="False" />
            <line number="50" hits="20" branch="False" />
            <line number="51" hits="20" branch="False" />
            <line number="53" hits="100" branch="True" condition-coverage="100% (2/2)">
              <conditions>
                <condition number="1119" type="jump" coverage="100%" />
              </conditions>
            </line>
            <line number="54" hits="20" branch="False" />
            <line number="55" hits="20" branch="False" />
            <line number="56" hits="20" branch="False" />
            <line number="58" hits="20" branch="False" />
            <line number="59" hits="20" branch="True" condition-coverage="50% (1/2)">
              <conditions>
                <condition number="1230" type="jump" coverage="50%" />
              </conditions>
            </line>
            <line number="60" hits="0" branch="False" />
            <line number="61" hits="0" branch="False" />
            <line number="64" hits="20" branch="False" />
            <line number="66" hits="20" branch="False" />
            <line number="67" hits="20" branch="False" />
            <line number="68" hits="20" branch="False" />
            <line number="69" hits="20" branch="False" />
            <line number="70" hits="20" branch="False" />
            <line number="71" hits="20" branch="False" />
            <line number="72" hits="20" branch="False" />
            <line number="74" hits="20" branch="False" />
            <line number="75" hits="20" branch="False" />
            <line number="76" hits="20" branch="False" />
            <line number="77" hits="20" branch="False" />
            <line number="78" hits="20" branch="False" />
            <line number="79" hits="26" branch="False" />
          </lines>
        </class>
        <class name="DominationPoint.ApiControllers.GameplayController" filename="ApiControllers\GameplayController.cs" line-rate="1" branch-rate="1" complexity="1">
          <methods>
            <method name=".ctor" signature="(DominationPoint.Core.Application.IGameplayService)" line-rate="1" branch-rate="1" complexity="1">
              <lines>
                <line number="16" hits="13" branch="False" />
                <line number="17" hits="13" branch="False" />
                <line number="18" hits="13" branch="False" />
                <line number="19" hits="13" branch="False" />
              </lines>
            </method>
          </methods>
          <lines>
            <line number="16" hits="13" branch="False" />
            <line number="17" hits="13" branch="False" />
            <line number="18" hits="13" branch="False" />
            <line number="19" hits="13" branch="False" />
          </lines>
        </class>
        <class name="DominationPoint.ApiControllers.GameplayController/ActionRequest" filename="ApiControllers\GameplayController.cs" line-rate="1" branch-rate="1" complexity="1">
          <methods>
            <method name="get_NumpadCode" signature="()" line-rate="1" branch-rate="1" complexity="1">
              <lines>
                <line number="21" hits="35" branch="False" />
              </lines>
            </method>
          </methods>
          <lines>
            <line number="21" hits="35" branch="False" />
          </lines>
        </class>
        <class name="DominationPoint.ApiControllers.GameplayController/&lt;Capture&gt;d__3" filename="ApiControllers\GameplayController.cs" line-rate="1" branch-rate="0.75" complexity="4">
          <methods>
            <method name="MoveNext" signature="()" line-rate="1" branch-rate="0.75" complexity="4">
              <lines>
                <line number="25" hits="11" branch="False" />
                <line number="26" hits="11" branch="False" />
                <line number="27" hits="11" branch="True" condition-coverage="50% (1/2)">
                  <conditions>
                    <condition number="86" type="jump" coverage="50%" />
                  </conditions>
                </line>
                <line number="29" hits="11" branch="False" />
                <line number="31" hits="17" branch="True" condition-coverage="100% (2/2)">
                  <conditions>
                    <condition number="373" type="jump" coverage="100%" />
                  </conditions>
                </line>
                <line number="33" hits="5" branch="False" />
                <line number="34" hits="11" branch="False" />
              </lines>
            </method>
          </methods>
          <lines>
            <line number="25" hits="11" branch="False" />
            <line number="26" hits="11" branch="False" />
            <line number="27" hits="11" branch="True" condition-coverage="50% (1/2)">
              <conditions>
                <condition number="86" type="jump" coverage="50%" />
              </conditions>
            </line>
            <line number="29" hits="11" branch="False" />
            <line number="31" hits="17" branch="True" condition-coverage="100% (2/2)">
              <conditions>
                <condition number="373" type="jump" coverage="100%" />
              </conditions>
            </line>
            <line number="33" hits="5" branch="False" />
            <line number="34" hits="11" branch="False" />
          </lines>
        </class>
      </classes>
    </package>
  </packages>
</coverage>